state 50 contains 1 shift/reduce conflicts


-------- Grammar --------

rule 1 target: macro_def
rule 2 target: exp
rule 3 target: 
rule 4 macro_def: DEFINE NAME exp
rule 5 macro_def: DEFINE NAME "(" NAME ")" exp
rule 6 macro_def: DEFINE NAME "(" NAME "," NAME ")" exp
rule 7 macro_def: DEFINE NAME "(" NAME "," NAME "," NAME ")" exp
rule 8 macro_def: DEFINE NAME "(" NAME "," NAME "," NAME "," NAME ")" exp
rule 9 macro_def: DEFINE NAME "(" NAME "," NAME "," NAME "," NAME "," NAME ")" exp
rule 10 exp: exp "+" exp
rule 11 exp: exp "-" exp
rule 12 exp: exp "*" exp
rule 13 exp: exp "/" exp
rule 14 exp: exp "%" exp
rule 15 exp: exp "&" exp
rule 16 exp: exp ">" exp
rule 17 exp: exp "<" exp
rule 18 exp: exp GREATEQ exp
rule 19 exp: exp LESSEQ exp
rule 20 exp: exp EQUA exp
rule 21 exp: exp NO_EQ exp
rule 22 exp: exp "|" exp
rule 23 exp: exp LOGIC_AND exp
rule 24 exp: exp LOGIC_OR exp
rule 25 exp: exp "?" exp ":" exp
rule 26 exp: "(" exp ")"
rule 27 exp: NUMBER
rule 28 exp: NAME
rule 29 exp: NAME "(" exp ")"
rule 30 exp: NAME "(" exp "," exp ")"
rule 31 exp: NAME "(" exp "," exp "," exp ")"
rule 32 exp: NAME "(" exp "," exp "," exp "," exp ")"
rule 33 exp: NAME "(" exp "," exp "," exp "," exp "," exp ")"

------- Symbols -------

**Nonterminals, with rules where they appear

  $start (28)
    on right: 
    on left : 
  target (29)
    on right: 
    on left : 1 2 3
  macro_def (30)
    on right: 1
    on left : 4 5 6 7 8 9
  exp (31)
    on right: 2 4 5 6 7 8 9 10 11 12 13 14 15 16 17 18 19 20 21 22 23 24 25 26 29 30 31 32 33
    on left : 10 11 12 13 14 15 16 17 18 19 20 21 22 23 24 25 26 27 28 29 30 31 32 33

**Terminals, with rules where they appear

  $end (0) 
  error (1) 
  UMINUS (2) 
  "*" (3) 12
  "/" (4) 13
  "%" (5) 14
  "^" (6) 
  "+" (7) 10
  "-" (8) 11
  "&" (9) 15
  "|" (10) 22
  "~" (11) 
  "<" (12) 17
  ">" (13) 16
  GREATEQ (14) 18
  LESSEQ (15) 19
  EQUA (16) 20
  LOGIC_AND (17) 23
  LOGIC_OR (18) 24
  NO_EQ (19) 21
  ":" (20) 25
  "?" (21) 25
  "(" (22) 5 6 7 8 9 26 29 30 31 32 33
  ")" (23) 5 6 7 8 9 26 29 30 31 32 33
  DEFINE (24) 4 5 6 7 8 9
  NAME (25) 4 5 6 7 8 9 28 29 30 31 32 33
  "," (26) 6 7 8 9 30 31 32 33
  NUMBER (27) 27

--------- State ---------

state 0


  "("           shift, and go to state 5
  DEFINE        shift, and go to state 4
  NAME          shift, and go to state 7
  NUMBER        shift, and go to state 6
  $default      reduce using rule 3 (target)

  target        go to state 1
  macro_def     go to state 2
  exp           go to state 3

state 1


  $end          shift, and go to state 8


state 2

   1) target : macro_def _

  $default      reduce using rule 1 (target)


state 3

   2) target : exp _
  10) exp : exp _ "+" exp
  11) exp : exp _ "-" exp
  12) exp : exp _ "*" exp
  13) exp : exp _ "/" exp
  14) exp : exp _ "%" exp
  15) exp : exp _ "&" exp
  16) exp : exp _ ">" exp
  17) exp : exp _ "<" exp
  18) exp : exp _ GREATEQ exp
  19) exp : exp _ LESSEQ exp
  20) exp : exp _ EQUA exp
  21) exp : exp _ NO_EQ exp
  22) exp : exp _ "|" exp
  23) exp : exp _ LOGIC_AND exp
  24) exp : exp _ LOGIC_OR exp
  25) exp : exp _ "?" exp ":" exp

  "*"           shift, and go to state 11
  "/"           shift, and go to state 12
  "%"           shift, and go to state 13
  "+"           shift, and go to state 9
  "-"           shift, and go to state 10
  "&"           shift, and go to state 14
  "|"           shift, and go to state 21
  "<"           shift, and go to state 16
  ">"           shift, and go to state 15
  GREATEQ       shift, and go to state 17
  LESSEQ        shift, and go to state 18
  EQUA          shift, and go to state 19
  LOGIC_AND     shift, and go to state 22
  LOGIC_OR      shift, and go to state 23
  NO_EQ         shift, and go to state 20
  "?"           shift, and go to state 24
  $default      reduce using rule 2 (target)


state 4

   4) macro_def : DEFINE _ NAME exp
   5) macro_def : DEFINE _ NAME "(" NAME ")" exp
   6) macro_def : DEFINE _ NAME "(" NAME "," NAME ")" exp
   7) macro_def : DEFINE _ NAME "(" NAME "," NAME "," NAME ")" exp
   8) macro_def : DEFINE _ NAME "(" NAME "," NAME "," NAME "," NAME ")" exp
   9) macro_def : DEFINE _ NAME "(" NAME "," NAME "," NAME "," NAME "," NAME ")" exp

  NAME          shift, and go to state 25


state 5

  26) exp : "(" _ exp ")"

  "("           shift, and go to state 5
  NAME          shift, and go to state 7
  NUMBER        shift, and go to state 6

  exp           go to state 26

state 6

  27) exp : NUMBER _

  $default      reduce using rule 27 (exp)


state 7

  28) exp : NAME _
  29) exp : NAME _ "(" exp ")"
  30) exp : NAME _ "(" exp "," exp ")"
  31) exp : NAME _ "(" exp "," exp "," exp ")"
  32) exp : NAME _ "(" exp "," exp "," exp "," exp ")"
  33) exp : NAME _ "(" exp "," exp "," exp "," exp "," exp ")"

  "("           shift, and go to state 27
  $default      reduce using rule 28 (exp)


state 8


  $end          shift, and go to state 28


state 9

  10) exp : exp "+" _ exp

  "("           shift, and go to state 5
  NAME          shift, and go to state 7
  NUMBER        shift, and go to state 6

  exp           go to state 29

state 10

  11) exp : exp "-" _ exp

  "("           shift, and go to state 5
  NAME          shift, and go to state 7
  NUMBER        shift, and go to state 6

  exp           go to state 30

state 11

  12) exp : exp "*" _ exp

  "("           shift, and go to state 5
  NAME          shift, and go to state 7
  NUMBER        shift, and go to state 6

  exp           go to state 31

state 12

  13) exp : exp "/" _ exp

  "("           shift, and go to state 5
  NAME          shift, and go to state 7
  NUMBER        shift, and go to state 6

  exp           go to state 32

state 13

  14) exp : exp "%" _ exp

  "("           shift, and go to state 5
  NAME          shift, and go to state 7
  NUMBER        shift, and go to state 6

  exp           go to state 33

state 14

  15) exp : exp "&" _ exp

  "("           shift, and go to state 5
  NAME          shift, and go to state 7
  NUMBER        shift, and go to state 6

  exp           go to state 34

state 15

  16) exp : exp ">" _ exp

  "("           shift, and go to state 5
  NAME          shift, and go to state 7
  NUMBER        shift, and go to state 6

  exp           go to state 35

state 16

  17) exp : exp "<" _ exp

  "("           shift, and go to state 5
  NAME          shift, and go to state 7
  NUMBER        shift, and go to state 6

  exp           go to state 36

state 17

  18) exp : exp GREATEQ _ exp

  "("           shift, and go to state 5
  NAME          shift, and go to state 7
  NUMBER        shift, and go to state 6

  exp           go to state 37

state 18

  19) exp : exp LESSEQ _ exp

  "("           shift, and go to state 5
  NAME          shift, and go to state 7
  NUMBER        shift, and go to state 6

  exp           go to state 38

state 19

  20) exp : exp EQUA _ exp

  "("           shift, and go to state 5
  NAME          shift, and go to state 7
  NUMBER        shift, and go to state 6

  exp           go to state 39

state 20

  21) exp : exp NO_EQ _ exp

  "("           shift, and go to state 5
  NAME          shift, and go to state 7
  NUMBER        shift, and go to state 6

  exp           go to state 40

state 21

  22) exp : exp "|" _ exp

  "("           shift, and go to state 5
  NAME          shift, and go to state 7
  NUMBER        shift, and go to state 6

  exp           go to state 41

state 22

  23) exp : exp LOGIC_AND _ exp

  "("           shift, and go to state 5
  NAME          shift, and go to state 7
  NUMBER        shift, and go to state 6

  exp           go to state 42

state 23

  24) exp : exp LOGIC_OR _ exp

  "("           shift, and go to state 5
  NAME          shift, and go to state 7
  NUMBER        shift, and go to state 6

  exp           go to state 43

state 24

  25) exp : exp "?" _ exp ":" exp

  "("           shift, and go to state 5
  NAME          shift, and go to state 7
  NUMBER        shift, and go to state 6

  exp           go to state 44

state 25

   4) macro_def : DEFINE NAME _ exp
   5) macro_def : DEFINE NAME _ "(" NAME ")" exp
   6) macro_def : DEFINE NAME _ "(" NAME "," NAME ")" exp
   7) macro_def : DEFINE NAME _ "(" NAME "," NAME "," NAME ")" exp
   8) macro_def : DEFINE NAME _ "(" NAME "," NAME "," NAME "," NAME ")" exp
   9) macro_def : DEFINE NAME _ "(" NAME "," NAME "," NAME "," NAME "," NAME ")" exp

  "("           shift, and go to state 46
  NAME          shift, and go to state 7
  NUMBER        shift, and go to state 6

  exp           go to state 45

state 26

  10) exp : exp _ "+" exp
  11) exp : exp _ "-" exp
  12) exp : exp _ "*" exp
  13) exp : exp _ "/" exp
  14) exp : exp _ "%" exp
  15) exp : exp _ "&" exp
  16) exp : exp _ ">" exp
  17) exp : exp _ "<" exp
  18) exp : exp _ GREATEQ exp
  19) exp : exp _ LESSEQ exp
  20) exp : exp _ EQUA exp
  21) exp : exp _ NO_EQ exp
  22) exp : exp _ "|" exp
  23) exp : exp _ LOGIC_AND exp
  24) exp : exp _ LOGIC_OR exp
  25) exp : exp _ "?" exp ":" exp
  26) exp : "(" exp _ ")"

  "*"           shift, and go to state 11
  "/"           shift, and go to state 12
  "%"           shift, and go to state 13
  "+"           shift, and go to state 9
  "-"           shift, and go to state 10
  "&"           shift, and go to state 14
  "|"           shift, and go to state 21
  "<"           shift, and go to state 16
  ">"           shift, and go to state 15
  GREATEQ       shift, and go to state 17
  LESSEQ        shift, and go to state 18
  EQUA          shift, and go to state 19
  LOGIC_AND     shift, and go to state 22
  LOGIC_OR      shift, and go to state 23
  NO_EQ         shift, and go to state 20
  "?"           shift, and go to state 24
  ")"           shift, and go to state 47


state 27

  29) exp : NAME "(" _ exp ")"
  30) exp : NAME "(" _ exp "," exp ")"
  31) exp : NAME "(" _ exp "," exp "," exp ")"
  32) exp : NAME "(" _ exp "," exp "," exp "," exp ")"
  33) exp : NAME "(" _ exp "," exp "," exp "," exp "," exp ")"

  "("           shift, and go to state 5
  NAME          shift, and go to state 7
  NUMBER        shift, and go to state 6

  exp           go to state 48

state 28


  $default      accept


state 29

  10) exp : exp _ "+" exp
  10) exp : exp "+" exp _
  11) exp : exp _ "-" exp
  12) exp : exp _ "*" exp
  13) exp : exp _ "/" exp
  14) exp : exp _ "%" exp
  15) exp : exp _ "&" exp
  16) exp : exp _ ">" exp
  17) exp : exp _ "<" exp
  18) exp : exp _ GREATEQ exp
  19) exp : exp _ LESSEQ exp
  20) exp : exp _ EQUA exp
  21) exp : exp _ NO_EQ exp
  22) exp : exp _ "|" exp
  23) exp : exp _ LOGIC_AND exp
  24) exp : exp _ LOGIC_OR exp
  25) exp : exp _ "?" exp ":" exp

  "*"           shift, and go to state 11
  "/"           shift, and go to state 12
  "%"           shift, and go to state 13
  $default      reduce using rule 10 (exp)


state 30

  10) exp : exp _ "+" exp
  11) exp : exp _ "-" exp
  11) exp : exp "-" exp _
  12) exp : exp _ "*" exp
  13) exp : exp _ "/" exp
  14) exp : exp _ "%" exp
  15) exp : exp _ "&" exp
  16) exp : exp _ ">" exp
  17) exp : exp _ "<" exp
  18) exp : exp _ GREATEQ exp
  19) exp : exp _ LESSEQ exp
  20) exp : exp _ EQUA exp
  21) exp : exp _ NO_EQ exp
  22) exp : exp _ "|" exp
  23) exp : exp _ LOGIC_AND exp
  24) exp : exp _ LOGIC_OR exp
  25) exp : exp _ "?" exp ":" exp

  "*"           shift, and go to state 11
  "/"           shift, and go to state 12
  "%"           shift, and go to state 13
  $default      reduce using rule 11 (exp)


state 31

  10) exp : exp _ "+" exp
  11) exp : exp _ "-" exp
  12) exp : exp _ "*" exp
  12) exp : exp "*" exp _
  13) exp : exp _ "/" exp
  14) exp : exp _ "%" exp
  15) exp : exp _ "&" exp
  16) exp : exp _ ">" exp
  17) exp : exp _ "<" exp
  18) exp : exp _ GREATEQ exp
  19) exp : exp _ LESSEQ exp
  20) exp : exp _ EQUA exp
  21) exp : exp _ NO_EQ exp
  22) exp : exp _ "|" exp
  23) exp : exp _ LOGIC_AND exp
  24) exp : exp _ LOGIC_OR exp
  25) exp : exp _ "?" exp ":" exp

  $default      reduce using rule 12 (exp)


state 32

  10) exp : exp _ "+" exp
  11) exp : exp _ "-" exp
  12) exp : exp _ "*" exp
  13) exp : exp _ "/" exp
  13) exp : exp "/" exp _
  14) exp : exp _ "%" exp
  15) exp : exp _ "&" exp
  16) exp : exp _ ">" exp
  17) exp : exp _ "<" exp
  18) exp : exp _ GREATEQ exp
  19) exp : exp _ LESSEQ exp
  20) exp : exp _ EQUA exp
  21) exp : exp _ NO_EQ exp
  22) exp : exp _ "|" exp
  23) exp : exp _ LOGIC_AND exp
  24) exp : exp _ LOGIC_OR exp
  25) exp : exp _ "?" exp ":" exp

  $default      reduce using rule 13 (exp)


state 33

  10) exp : exp _ "+" exp
  11) exp : exp _ "-" exp
  12) exp : exp _ "*" exp
  13) exp : exp _ "/" exp
  14) exp : exp _ "%" exp
  14) exp : exp "%" exp _
  15) exp : exp _ "&" exp
  16) exp : exp _ ">" exp
  17) exp : exp _ "<" exp
  18) exp : exp _ GREATEQ exp
  19) exp : exp _ LESSEQ exp
  20) exp : exp _ EQUA exp
  21) exp : exp _ NO_EQ exp
  22) exp : exp _ "|" exp
  23) exp : exp _ LOGIC_AND exp
  24) exp : exp _ LOGIC_OR exp
  25) exp : exp _ "?" exp ":" exp

  $default      reduce using rule 14 (exp)


state 34

  10) exp : exp _ "+" exp
  11) exp : exp _ "-" exp
  12) exp : exp _ "*" exp
  13) exp : exp _ "/" exp
  14) exp : exp _ "%" exp
  15) exp : exp _ "&" exp
  15) exp : exp "&" exp _
  16) exp : exp _ ">" exp
  17) exp : exp _ "<" exp
  18) exp : exp _ GREATEQ exp
  19) exp : exp _ LESSEQ exp
  20) exp : exp _ EQUA exp
  21) exp : exp _ NO_EQ exp
  22) exp : exp _ "|" exp
  23) exp : exp _ LOGIC_AND exp
  24) exp : exp _ LOGIC_OR exp
  25) exp : exp _ "?" exp ":" exp

  "*"           shift, and go to state 11
  "/"           shift, and go to state 12
  "%"           shift, and go to state 13
  "+"           shift, and go to state 9
  "-"           shift, and go to state 10
  $default      reduce using rule 15 (exp)


state 35

  10) exp : exp _ "+" exp
  11) exp : exp _ "-" exp
  12) exp : exp _ "*" exp
  13) exp : exp _ "/" exp
  14) exp : exp _ "%" exp
  15) exp : exp _ "&" exp
  16) exp : exp _ ">" exp
  16) exp : exp ">" exp _
  17) exp : exp _ "<" exp
  18) exp : exp _ GREATEQ exp
  19) exp : exp _ LESSEQ exp
  20) exp : exp _ EQUA exp
  21) exp : exp _ NO_EQ exp
  22) exp : exp _ "|" exp
  23) exp : exp _ LOGIC_AND exp
  24) exp : exp _ LOGIC_OR exp
  25) exp : exp _ "?" exp ":" exp

  "*"           shift, and go to state 11
  "/"           shift, and go to state 12
  "%"           shift, and go to state 13
  "+"           shift, and go to state 9
  "-"           shift, and go to state 10
  "&"           shift, and go to state 14
  "|"           shift, and go to state 21
  $default      reduce using rule 16 (exp)


state 36

  10) exp : exp _ "+" exp
  11) exp : exp _ "-" exp
  12) exp : exp _ "*" exp
  13) exp : exp _ "/" exp
  14) exp : exp _ "%" exp
  15) exp : exp _ "&" exp
  16) exp : exp _ ">" exp
  17) exp : exp _ "<" exp
  17) exp : exp "<" exp _
  18) exp : exp _ GREATEQ exp
  19) exp : exp _ LESSEQ exp
  20) exp : exp _ EQUA exp
  21) exp : exp _ NO_EQ exp
  22) exp : exp _ "|" exp
  23) exp : exp _ LOGIC_AND exp
  24) exp : exp _ LOGIC_OR exp
  25) exp : exp _ "?" exp ":" exp

  "*"           shift, and go to state 11
  "/"           shift, and go to state 12
  "%"           shift, and go to state 13
  "+"           shift, and go to state 9
  "-"           shift, and go to state 10
  "&"           shift, and go to state 14
  "|"           shift, and go to state 21
  $default      reduce using rule 17 (exp)


state 37

  10) exp : exp _ "+" exp
  11) exp : exp _ "-" exp
  12) exp : exp _ "*" exp
  13) exp : exp _ "/" exp
  14) exp : exp _ "%" exp
  15) exp : exp _ "&" exp
  16) exp : exp _ ">" exp
  17) exp : exp _ "<" exp
  18) exp : exp _ GREATEQ exp
  18) exp : exp GREATEQ exp _
  19) exp : exp _ LESSEQ exp
  20) exp : exp _ EQUA exp
  21) exp : exp _ NO_EQ exp
  22) exp : exp _ "|" exp
  23) exp : exp _ LOGIC_AND exp
  24) exp : exp _ LOGIC_OR exp
  25) exp : exp _ "?" exp ":" exp

  "*"           shift, and go to state 11
  "/"           shift, and go to state 12
  "%"           shift, and go to state 13
  "+"           shift, and go to state 9
  "-"           shift, and go to state 10
  "&"           shift, and go to state 14
  "|"           shift, and go to state 21
  $default      reduce using rule 18 (exp)


state 38

  10) exp : exp _ "+" exp
  11) exp : exp _ "-" exp
  12) exp : exp _ "*" exp
  13) exp : exp _ "/" exp
  14) exp : exp _ "%" exp
  15) exp : exp _ "&" exp
  16) exp : exp _ ">" exp
  17) exp : exp _ "<" exp
  18) exp : exp _ GREATEQ exp
  19) exp : exp _ LESSEQ exp
  19) exp : exp LESSEQ exp _
  20) exp : exp _ EQUA exp
  21) exp : exp _ NO_EQ exp
  22) exp : exp _ "|" exp
  23) exp : exp _ LOGIC_AND exp
  24) exp : exp _ LOGIC_OR exp
  25) exp : exp _ "?" exp ":" exp

  "*"           shift, and go to state 11
  "/"           shift, and go to state 12
  "%"           shift, and go to state 13
  "+"           shift, and go to state 9
  "-"           shift, and go to state 10
  "&"           shift, and go to state 14
  "|"           shift, and go to state 21
  $default      reduce using rule 19 (exp)


state 39

  10) exp : exp _ "+" exp
  11) exp : exp _ "-" exp
  12) exp : exp _ "*" exp
  13) exp : exp _ "/" exp
  14) exp : exp _ "%" exp
  15) exp : exp _ "&" exp
  16) exp : exp _ ">" exp
  17) exp : exp _ "<" exp
  18) exp : exp _ GREATEQ exp
  19) exp : exp _ LESSEQ exp
  20) exp : exp _ EQUA exp
  20) exp : exp EQUA exp _
  21) exp : exp _ NO_EQ exp
  22) exp : exp _ "|" exp
  23) exp : exp _ LOGIC_AND exp
  24) exp : exp _ LOGIC_OR exp
  25) exp : exp _ "?" exp ":" exp

  "*"           shift, and go to state 11
  "/"           shift, and go to state 12
  "%"           shift, and go to state 13
  "+"           shift, and go to state 9
  "-"           shift, and go to state 10
  "&"           shift, and go to state 14
  "|"           shift, and go to state 21
  $default      reduce using rule 20 (exp)


state 40

  10) exp : exp _ "+" exp
  11) exp : exp _ "-" exp
  12) exp : exp _ "*" exp
  13) exp : exp _ "/" exp
  14) exp : exp _ "%" exp
  15) exp : exp _ "&" exp
  16) exp : exp _ ">" exp
  17) exp : exp _ "<" exp
  18) exp : exp _ GREATEQ exp
  19) exp : exp _ LESSEQ exp
  20) exp : exp _ EQUA exp
  21) exp : exp _ NO_EQ exp
  21) exp : exp NO_EQ exp _
  22) exp : exp _ "|" exp
  23) exp : exp _ LOGIC_AND exp
  24) exp : exp _ LOGIC_OR exp
  25) exp : exp _ "?" exp ":" exp

  "*"           shift, and go to state 11
  "/"           shift, and go to state 12
  "%"           shift, and go to state 13
  "+"           shift, and go to state 9
  "-"           shift, and go to state 10
  "&"           shift, and go to state 14
  "|"           shift, and go to state 21
  $default      reduce using rule 21 (exp)


state 41

  10) exp : exp _ "+" exp
  11) exp : exp _ "-" exp
  12) exp : exp _ "*" exp
  13) exp : exp _ "/" exp
  14) exp : exp _ "%" exp
  15) exp : exp _ "&" exp
  16) exp : exp _ ">" exp
  17) exp : exp _ "<" exp
  18) exp : exp _ GREATEQ exp
  19) exp : exp _ LESSEQ exp
  20) exp : exp _ EQUA exp
  21) exp : exp _ NO_EQ exp
  22) exp : exp _ "|" exp
  22) exp : exp "|" exp _
  23) exp : exp _ LOGIC_AND exp
  24) exp : exp _ LOGIC_OR exp
  25) exp : exp _ "?" exp ":" exp

  "*"           shift, and go to state 11
  "/"           shift, and go to state 12
  "%"           shift, and go to state 13
  "+"           shift, and go to state 9
  "-"           shift, and go to state 10
  $default      reduce using rule 22 (exp)


state 42

  10) exp : exp _ "+" exp
  11) exp : exp _ "-" exp
  12) exp : exp _ "*" exp
  13) exp : exp _ "/" exp
  14) exp : exp _ "%" exp
  15) exp : exp _ "&" exp
  16) exp : exp _ ">" exp
  17) exp : exp _ "<" exp
  18) exp : exp _ GREATEQ exp
  19) exp : exp _ LESSEQ exp
  20) exp : exp _ EQUA exp
  21) exp : exp _ NO_EQ exp
  22) exp : exp _ "|" exp
  23) exp : exp _ LOGIC_AND exp
  23) exp : exp LOGIC_AND exp _
  24) exp : exp _ LOGIC_OR exp
  25) exp : exp _ "?" exp ":" exp

  "*"           shift, and go to state 11
  "/"           shift, and go to state 12
  "%"           shift, and go to state 13
  "+"           shift, and go to state 9
  "-"           shift, and go to state 10
  "&"           shift, and go to state 14
  "|"           shift, and go to state 21
  $default      reduce using rule 23 (exp)


state 43

  10) exp : exp _ "+" exp
  11) exp : exp _ "-" exp
  12) exp : exp _ "*" exp
  13) exp : exp _ "/" exp
  14) exp : exp _ "%" exp
  15) exp : exp _ "&" exp
  16) exp : exp _ ">" exp
  17) exp : exp _ "<" exp
  18) exp : exp _ GREATEQ exp
  19) exp : exp _ LESSEQ exp
  20) exp : exp _ EQUA exp
  21) exp : exp _ NO_EQ exp
  22) exp : exp _ "|" exp
  23) exp : exp _ LOGIC_AND exp
  24) exp : exp _ LOGIC_OR exp
  24) exp : exp LOGIC_OR exp _
  25) exp : exp _ "?" exp ":" exp

  "*"           shift, and go to state 11
  "/"           shift, and go to state 12
  "%"           shift, and go to state 13
  "+"           shift, and go to state 9
  "-"           shift, and go to state 10
  "&"           shift, and go to state 14
  "|"           shift, and go to state 21
  $default      reduce using rule 24 (exp)


state 44

  10) exp : exp _ "+" exp
  11) exp : exp _ "-" exp
  12) exp : exp _ "*" exp
  13) exp : exp _ "/" exp
  14) exp : exp _ "%" exp
  15) exp : exp _ "&" exp
  16) exp : exp _ ">" exp
  17) exp : exp _ "<" exp
  18) exp : exp _ GREATEQ exp
  19) exp : exp _ LESSEQ exp
  20) exp : exp _ EQUA exp
  21) exp : exp _ NO_EQ exp
  22) exp : exp _ "|" exp
  23) exp : exp _ LOGIC_AND exp
  24) exp : exp _ LOGIC_OR exp
  25) exp : exp _ "?" exp ":" exp
  25) exp : exp "?" exp _ ":" exp

  "*"           shift, and go to state 11
  "/"           shift, and go to state 12
  "%"           shift, and go to state 13
  "+"           shift, and go to state 9
  "-"           shift, and go to state 10
  "&"           shift, and go to state 14
  "|"           shift, and go to state 21
  "<"           shift, and go to state 16
  ">"           shift, and go to state 15
  GREATEQ       shift, and go to state 17
  LESSEQ        shift, and go to state 18
  EQUA          shift, and go to state 19
  LOGIC_AND     shift, and go to state 22
  LOGIC_OR      shift, and go to state 23
  NO_EQ         shift, and go to state 20
  ":"           shift, and go to state 49
  "?"           shift, and go to state 24


state 45

   4) macro_def : DEFINE NAME exp _
  10) exp : exp _ "+" exp
  11) exp : exp _ "-" exp
  12) exp : exp _ "*" exp
  13) exp : exp _ "/" exp
  14) exp : exp _ "%" exp
  15) exp : exp _ "&" exp
  16) exp : exp _ ">" exp
  17) exp : exp _ "<" exp
  18) exp : exp _ GREATEQ exp
  19) exp : exp _ LESSEQ exp
  20) exp : exp _ EQUA exp
  21) exp : exp _ NO_EQ exp
  22) exp : exp _ "|" exp
  23) exp : exp _ LOGIC_AND exp
  24) exp : exp _ LOGIC_OR exp
  25) exp : exp _ "?" exp ":" exp

  "*"           shift, and go to state 11
  "/"           shift, and go to state 12
  "%"           shift, and go to state 13
  "+"           shift, and go to state 9
  "-"           shift, and go to state 10
  "&"           shift, and go to state 14
  "|"           shift, and go to state 21
  "<"           shift, and go to state 16
  ">"           shift, and go to state 15
  GREATEQ       shift, and go to state 17
  LESSEQ        shift, and go to state 18
  EQUA          shift, and go to state 19
  LOGIC_AND     shift, and go to state 22
  LOGIC_OR      shift, and go to state 23
  NO_EQ         shift, and go to state 20
  "?"           shift, and go to state 24
  $default      reduce using rule 4 (macro_def)


state 46

   5) macro_def : DEFINE NAME "(" _ NAME ")" exp
   6) macro_def : DEFINE NAME "(" _ NAME "," NAME ")" exp
   7) macro_def : DEFINE NAME "(" _ NAME "," NAME "," NAME ")" exp
   8) macro_def : DEFINE NAME "(" _ NAME "," NAME "," NAME "," NAME ")" exp
   9) macro_def : DEFINE NAME "(" _ NAME "," NAME "," NAME "," NAME "," NAME ")" exp
  26) exp : "(" _ exp ")"

  "("           shift, and go to state 5
  NAME          shift, and go to state 50
  NUMBER        shift, and go to state 6

  exp           go to state 26

state 47

  26) exp : "(" exp ")" _

  $default      reduce using rule 26 (exp)


state 48

  10) exp : exp _ "+" exp
  11) exp : exp _ "-" exp
  12) exp : exp _ "*" exp
  13) exp : exp _ "/" exp
  14) exp : exp _ "%" exp
  15) exp : exp _ "&" exp
  16) exp : exp _ ">" exp
  17) exp : exp _ "<" exp
  18) exp : exp _ GREATEQ exp
  19) exp : exp _ LESSEQ exp
  20) exp : exp _ EQUA exp
  21) exp : exp _ NO_EQ exp
  22) exp : exp _ "|" exp
  23) exp : exp _ LOGIC_AND exp
  24) exp : exp _ LOGIC_OR exp
  25) exp : exp _ "?" exp ":" exp
  29) exp : NAME "(" exp _ ")"
  30) exp : NAME "(" exp _ "," exp ")"
  31) exp : NAME "(" exp _ "," exp "," exp ")"
  32) exp : NAME "(" exp _ "," exp "," exp "," exp ")"
  33) exp : NAME "(" exp _ "," exp "," exp "," exp "," exp ")"

  "*"           shift, and go to state 11
  "/"           shift, and go to state 12
  "%"           shift, and go to state 13
  "+"           shift, and go to state 9
  "-"           shift, and go to state 10
  "&"           shift, and go to state 14
  "|"           shift, and go to state 21
  "<"           shift, and go to state 16
  ">"           shift, and go to state 15
  GREATEQ       shift, and go to state 17
  LESSEQ        shift, and go to state 18
  EQUA          shift, and go to state 19
  LOGIC_AND     shift, and go to state 22
  LOGIC_OR      shift, and go to state 23
  NO_EQ         shift, and go to state 20
  "?"           shift, and go to state 24
  ")"           shift, and go to state 51
  ","           shift, and go to state 52


state 49

  25) exp : exp "?" exp ":" _ exp

  "("           shift, and go to state 5
  NAME          shift, and go to state 7
  NUMBER        shift, and go to state 6

  exp           go to state 53

state 50

   5) macro_def : DEFINE NAME "(" NAME _ ")" exp
   6) macro_def : DEFINE NAME "(" NAME _ "," NAME ")" exp
   7) macro_def : DEFINE NAME "(" NAME _ "," NAME "," NAME ")" exp
   8) macro_def : DEFINE NAME "(" NAME _ "," NAME "," NAME "," NAME ")" exp
   9) macro_def : DEFINE NAME "(" NAME _ "," NAME "," NAME "," NAME "," NAME ")" exp
  28) exp : NAME _
  29) exp : NAME _ "(" exp ")"
  30) exp : NAME _ "(" exp "," exp ")"
  31) exp : NAME _ "(" exp "," exp "," exp ")"
  32) exp : NAME _ "(" exp "," exp "," exp "," exp ")"
  33) exp : NAME _ "(" exp "," exp "," exp "," exp "," exp ")"

  "("           shift, and go to state 27
  ")"           shift, and go to state 54
  ")"           [reduce using rule 28 (exp)]
  ","           shift, and go to state 55
  $default      reduce using rule 28 (exp)


state 51

  29) exp : NAME "(" exp ")" _

  $default      reduce using rule 29 (exp)


state 52

  30) exp : NAME "(" exp "," _ exp ")"
  31) exp : NAME "(" exp "," _ exp "," exp ")"
  32) exp : NAME "(" exp "," _ exp "," exp "," exp ")"
  33) exp : NAME "(" exp "," _ exp "," exp "," exp "," exp ")"

  "("           shift, and go to state 5
  NAME          shift, and go to state 7
  NUMBER        shift, and go to state 6

  exp           go to state 56

state 53

  10) exp : exp _ "+" exp
  11) exp : exp _ "-" exp
  12) exp : exp _ "*" exp
  13) exp : exp _ "/" exp
  14) exp : exp _ "%" exp
  15) exp : exp _ "&" exp
  16) exp : exp _ ">" exp
  17) exp : exp _ "<" exp
  18) exp : exp _ GREATEQ exp
  19) exp : exp _ LESSEQ exp
  20) exp : exp _ EQUA exp
  21) exp : exp _ NO_EQ exp
  22) exp : exp _ "|" exp
  23) exp : exp _ LOGIC_AND exp
  24) exp : exp _ LOGIC_OR exp
  25) exp : exp _ "?" exp ":" exp
  25) exp : exp "?" exp ":" exp _

  "*"           shift, and go to state 11
  "/"           shift, and go to state 12
  "%"           shift, and go to state 13
  "+"           shift, and go to state 9
  "-"           shift, and go to state 10
  "&"           shift, and go to state 14
  "|"           shift, and go to state 21
  "<"           shift, and go to state 16
  ">"           shift, and go to state 15
  GREATEQ       shift, and go to state 17
  LESSEQ        shift, and go to state 18
  EQUA          shift, and go to state 19
  LOGIC_AND     shift, and go to state 22
  LOGIC_OR      shift, and go to state 23
  NO_EQ         shift, and go to state 20
  $default      reduce using rule 25 (exp)


state 54

   5) macro_def : DEFINE NAME "(" NAME ")" _ exp

  "("           shift, and go to state 5
  NAME          shift, and go to state 7
  NUMBER        shift, and go to state 6

  exp           go to state 57

state 55

   6) macro_def : DEFINE NAME "(" NAME "," _ NAME ")" exp
   7) macro_def : DEFINE NAME "(" NAME "," _ NAME "," NAME ")" exp
   8) macro_def : DEFINE NAME "(" NAME "," _ NAME "," NAME "," NAME ")" exp
   9) macro_def : DEFINE NAME "(" NAME "," _ NAME "," NAME "," NAME "," NAME ")" exp

  NAME          shift, and go to state 58


state 56

  10) exp : exp _ "+" exp
  11) exp : exp _ "-" exp
  12) exp : exp _ "*" exp
  13) exp : exp _ "/" exp
  14) exp : exp _ "%" exp
  15) exp : exp _ "&" exp
  16) exp : exp _ ">" exp
  17) exp : exp _ "<" exp
  18) exp : exp _ GREATEQ exp
  19) exp : exp _ LESSEQ exp
  20) exp : exp _ EQUA exp
  21) exp : exp _ NO_EQ exp
  22) exp : exp _ "|" exp
  23) exp : exp _ LOGIC_AND exp
  24) exp : exp _ LOGIC_OR exp
  25) exp : exp _ "?" exp ":" exp
  30) exp : NAME "(" exp "," exp _ ")"
  31) exp : NAME "(" exp "," exp _ "," exp ")"
  32) exp : NAME "(" exp "," exp _ "," exp "," exp ")"
  33) exp : NAME "(" exp "," exp _ "," exp "," exp "," exp ")"

  "*"           shift, and go to state 11
  "/"           shift, and go to state 12
  "%"           shift, and go to state 13
  "+"           shift, and go to state 9
  "-"           shift, and go to state 10
  "&"           shift, and go to state 14
  "|"           shift, and go to state 21
  "<"           shift, and go to state 16
  ">"           shift, and go to state 15
  GREATEQ       shift, and go to state 17
  LESSEQ        shift, and go to state 18
  EQUA          shift, and go to state 19
  LOGIC_AND     shift, and go to state 22
  LOGIC_OR      shift, and go to state 23
  NO_EQ         shift, and go to state 20
  "?"           shift, and go to state 24
  ")"           shift, and go to state 59
  ","           shift, and go to state 60


state 57

   5) macro_def : DEFINE NAME "(" NAME ")" exp _
  10) exp : exp _ "+" exp
  11) exp : exp _ "-" exp
  12) exp : exp _ "*" exp
  13) exp : exp _ "/" exp
  14) exp : exp _ "%" exp
  15) exp : exp _ "&" exp
  16) exp : exp _ ">" exp
  17) exp : exp _ "<" exp
  18) exp : exp _ GREATEQ exp
  19) exp : exp _ LESSEQ exp
  20) exp : exp _ EQUA exp
  21) exp : exp _ NO_EQ exp
  22) exp : exp _ "|" exp
  23) exp : exp _ LOGIC_AND exp
  24) exp : exp _ LOGIC_OR exp
  25) exp : exp _ "?" exp ":" exp

  "*"           shift, and go to state 11
  "/"           shift, and go to state 12
  "%"           shift, and go to state 13
  "+"           shift, and go to state 9
  "-"           shift, and go to state 10
  "&"           shift, and go to state 14
  "|"           shift, and go to state 21
  "<"           shift, and go to state 16
  ">"           shift, and go to state 15
  GREATEQ       shift, and go to state 17
  LESSEQ        shift, and go to state 18
  EQUA          shift, and go to state 19
  LOGIC_AND     shift, and go to state 22
  LOGIC_OR      shift, and go to state 23
  NO_EQ         shift, and go to state 20
  "?"           shift, and go to state 24
  $default      reduce using rule 5 (macro_def)


state 58

   6) macro_def : DEFINE NAME "(" NAME "," NAME _ ")" exp
   7) macro_def : DEFINE NAME "(" NAME "," NAME _ "," NAME ")" exp
   8) macro_def : DEFINE NAME "(" NAME "," NAME _ "," NAME "," NAME ")" exp
   9) macro_def : DEFINE NAME "(" NAME "," NAME _ "," NAME "," NAME "," NAME ")" exp

  ")"           shift, and go to state 61
  ","           shift, and go to state 62


state 59

  30) exp : NAME "(" exp "," exp ")" _

  $default      reduce using rule 30 (exp)


state 60

  31) exp : NAME "(" exp "," exp "," _ exp ")"
  32) exp : NAME "(" exp "," exp "," _ exp "," exp ")"
  33) exp : NAME "(" exp "," exp "," _ exp "," exp "," exp ")"

  "("           shift, and go to state 5
  NAME          shift, and go to state 7
  NUMBER        shift, and go to state 6

  exp           go to state 63

state 61

   6) macro_def : DEFINE NAME "(" NAME "," NAME ")" _ exp

  "("           shift, and go to state 5
  NAME          shift, and go to state 7
  NUMBER        shift, and go to state 6

  exp           go to state 64

state 62

   7) macro_def : DEFINE NAME "(" NAME "," NAME "," _ NAME ")" exp
   8) macro_def : DEFINE NAME "(" NAME "," NAME "," _ NAME "," NAME ")" exp
   9) macro_def : DEFINE NAME "(" NAME "," NAME "," _ NAME "," NAME "," NAME ")" exp

  NAME          shift, and go to state 65


state 63

  10) exp : exp _ "+" exp
  11) exp : exp _ "-" exp
  12) exp : exp _ "*" exp
  13) exp : exp _ "/" exp
  14) exp : exp _ "%" exp
  15) exp : exp _ "&" exp
  16) exp : exp _ ">" exp
  17) exp : exp _ "<" exp
  18) exp : exp _ GREATEQ exp
  19) exp : exp _ LESSEQ exp
  20) exp : exp _ EQUA exp
  21) exp : exp _ NO_EQ exp
  22) exp : exp _ "|" exp
  23) exp : exp _ LOGIC_AND exp
  24) exp : exp _ LOGIC_OR exp
  25) exp : exp _ "?" exp ":" exp
  31) exp : NAME "(" exp "," exp "," exp _ ")"
  32) exp : NAME "(" exp "," exp "," exp _ "," exp ")"
  33) exp : NAME "(" exp "," exp "," exp _ "," exp "," exp ")"

  "*"           shift, and go to state 11
  "/"           shift, and go to state 12
  "%"           shift, and go to state 13
  "+"           shift, and go to state 9
  "-"           shift, and go to state 10
  "&"           shift, and go to state 14
  "|"           shift, and go to state 21
  "<"           shift, and go to state 16
  ">"           shift, and go to state 15
  GREATEQ       shift, and go to state 17
  LESSEQ        shift, and go to state 18
  EQUA          shift, and go to state 19
  LOGIC_AND     shift, and go to state 22
  LOGIC_OR      shift, and go to state 23
  NO_EQ         shift, and go to state 20
  "?"           shift, and go to state 24
  ")"           shift, and go to state 66
  ","           shift, and go to state 67


state 64

   6) macro_def : DEFINE NAME "(" NAME "," NAME ")" exp _
  10) exp : exp _ "+" exp
  11) exp : exp _ "-" exp
  12) exp : exp _ "*" exp
  13) exp : exp _ "/" exp
  14) exp : exp _ "%" exp
  15) exp : exp _ "&" exp
  16) exp : exp _ ">" exp
  17) exp : exp _ "<" exp
  18) exp : exp _ GREATEQ exp
  19) exp : exp _ LESSEQ exp
  20) exp : exp _ EQUA exp
  21) exp : exp _ NO_EQ exp
  22) exp : exp _ "|" exp
  23) exp : exp _ LOGIC_AND exp
  24) exp : exp _ LOGIC_OR exp
  25) exp : exp _ "?" exp ":" exp

  "*"           shift, and go to state 11
  "/"           shift, and go to state 12
  "%"           shift, and go to state 13
  "+"           shift, and go to state 9
  "-"           shift, and go to state 10
  "&"           shift, and go to state 14
  "|"           shift, and go to state 21
  "<"           shift, and go to state 16
  ">"           shift, and go to state 15
  GREATEQ       shift, and go to state 17
  LESSEQ        shift, and go to state 18
  EQUA          shift, and go to state 19
  LOGIC_AND     shift, and go to state 22
  LOGIC_OR      shift, and go to state 23
  NO_EQ         shift, and go to state 20
  "?"           shift, and go to state 24
  $default      reduce using rule 6 (macro_def)


state 65

   7) macro_def : DEFINE NAME "(" NAME "," NAME "," NAME _ ")" exp
   8) macro_def : DEFINE NAME "(" NAME "," NAME "," NAME _ "," NAME ")" exp
   9) macro_def : DEFINE NAME "(" NAME "," NAME "," NAME _ "," NAME "," NAME ")" exp

  ")"           shift, and go to state 68
  ","           shift, and go to state 69


state 66

  31) exp : NAME "(" exp "," exp "," exp ")" _

  $default      reduce using rule 31 (exp)


state 67

  32) exp : NAME "(" exp "," exp "," exp "," _ exp ")"
  33) exp : NAME "(" exp "," exp "," exp "," _ exp "," exp ")"

  "("           shift, and go to state 5
  NAME          shift, and go to state 7
  NUMBER        shift, and go to state 6

  exp           go to state 70

state 68

   7) macro_def : DEFINE NAME "(" NAME "," NAME "," NAME ")" _ exp

  "("           shift, and go to state 5
  NAME          shift, and go to state 7
  NUMBER        shift, and go to state 6

  exp           go to state 71

state 69

   8) macro_def : DEFINE NAME "(" NAME "," NAME "," NAME "," _ NAME ")" exp
   9) macro_def : DEFINE NAME "(" NAME "," NAME "," NAME "," _ NAME "," NAME ")" exp

  NAME          shift, and go to state 72


state 70

  10) exp : exp _ "+" exp
  11) exp : exp _ "-" exp
  12) exp : exp _ "*" exp
  13) exp : exp _ "/" exp
  14) exp : exp _ "%" exp
  15) exp : exp _ "&" exp
  16) exp : exp _ ">" exp
  17) exp : exp _ "<" exp
  18) exp : exp _ GREATEQ exp
  19) exp : exp _ LESSEQ exp
  20) exp : exp _ EQUA exp
  21) exp : exp _ NO_EQ exp
  22) exp : exp _ "|" exp
  23) exp : exp _ LOGIC_AND exp
  24) exp : exp _ LOGIC_OR exp
  25) exp : exp _ "?" exp ":" exp
  32) exp : NAME "(" exp "," exp "," exp "," exp _ ")"
  33) exp : NAME "(" exp "," exp "," exp "," exp _ "," exp ")"

  "*"           shift, and go to state 11
  "/"           shift, and go to state 12
  "%"           shift, and go to state 13
  "+"           shift, and go to state 9
  "-"           shift, and go to state 10
  "&"           shift, and go to state 14
  "|"           shift, and go to state 21
  "<"           shift, and go to state 16
  ">"           shift, and go to state 15
  GREATEQ       shift, and go to state 17
  LESSEQ        shift, and go to state 18
  EQUA          shift, and go to state 19
  LOGIC_AND     shift, and go to state 22
  LOGIC_OR      shift, and go to state 23
  NO_EQ         shift, and go to state 20
  "?"           shift, and go to state 24
  ")"           shift, and go to state 73
  ","           shift, and go to state 74


state 71

   7) macro_def : DEFINE NAME "(" NAME "," NAME "," NAME ")" exp _
  10) exp : exp _ "+" exp
  11) exp : exp _ "-" exp
  12) exp : exp _ "*" exp
  13) exp : exp _ "/" exp
  14) exp : exp _ "%" exp
  15) exp : exp _ "&" exp
  16) exp : exp _ ">" exp
  17) exp : exp _ "<" exp
  18) exp : exp _ GREATEQ exp
  19) exp : exp _ LESSEQ exp
  20) exp : exp _ EQUA exp
  21) exp : exp _ NO_EQ exp
  22) exp : exp _ "|" exp
  23) exp : exp _ LOGIC_AND exp
  24) exp : exp _ LOGIC_OR exp
  25) exp : exp _ "?" exp ":" exp

  "*"           shift, and go to state 11
  "/"           shift, and go to state 12
  "%"           shift, and go to state 13
  "+"           shift, and go to state 9
  "-"           shift, and go to state 10
  "&"           shift, and go to state 14
  "|"           shift, and go to state 21
  "<"           shift, and go to state 16
  ">"           shift, and go to state 15
  GREATEQ       shift, and go to state 17
  LESSEQ        shift, and go to state 18
  EQUA          shift, and go to state 19
  LOGIC_AND     shift, and go to state 22
  LOGIC_OR      shift, and go to state 23
  NO_EQ         shift, and go to state 20
  "?"           shift, and go to state 24
  $default      reduce using rule 7 (macro_def)


state 72

   8) macro_def : DEFINE NAME "(" NAME "," NAME "," NAME "," NAME _ ")" exp
   9) macro_def : DEFINE NAME "(" NAME "," NAME "," NAME "," NAME _ "," NAME ")" exp

  ")"           shift, and go to state 75
  ","           shift, and go to state 76


state 73

  32) exp : NAME "(" exp "," exp "," exp "," exp ")" _

  $default      reduce using rule 32 (exp)


state 74

  33) exp : NAME "(" exp "," exp "," exp "," exp "," _ exp ")"

  "("           shift, and go to state 5
  NAME          shift, and go to state 7
  NUMBER        shift, and go to state 6

  exp           go to state 77

state 75

   8) macro_def : DEFINE NAME "(" NAME "," NAME "," NAME "," NAME ")" _ exp

  "("           shift, and go to state 5
  NAME          shift, and go to state 7
  NUMBER        shift, and go to state 6

  exp           go to state 78

state 76

   9) macro_def : DEFINE NAME "(" NAME "," NAME "," NAME "," NAME "," _ NAME ")" exp

  NAME          shift, and go to state 79


state 77

  10) exp : exp _ "+" exp
  11) exp : exp _ "-" exp
  12) exp : exp _ "*" exp
  13) exp : exp _ "/" exp
  14) exp : exp _ "%" exp
  15) exp : exp _ "&" exp
  16) exp : exp _ ">" exp
  17) exp : exp _ "<" exp
  18) exp : exp _ GREATEQ exp
  19) exp : exp _ LESSEQ exp
  20) exp : exp _ EQUA exp
  21) exp : exp _ NO_EQ exp
  22) exp : exp _ "|" exp
  23) exp : exp _ LOGIC_AND exp
  24) exp : exp _ LOGIC_OR exp
  25) exp : exp _ "?" exp ":" exp
  33) exp : NAME "(" exp "," exp "," exp "," exp "," exp _ ")"

  "*"           shift, and go to state 11
  "/"           shift, and go to state 12
  "%"           shift, and go to state 13
  "+"           shift, and go to state 9
  "-"           shift, and go to state 10
  "&"           shift, and go to state 14
  "|"           shift, and go to state 21
  "<"           shift, and go to state 16
  ">"           shift, and go to state 15
  GREATEQ       shift, and go to state 17
  LESSEQ        shift, and go to state 18
  EQUA          shift, and go to state 19
  LOGIC_AND     shift, and go to state 22
  LOGIC_OR      shift, and go to state 23
  NO_EQ         shift, and go to state 20
  "?"           shift, and go to state 24
  ")"           shift, and go to state 80


state 78

   8) macro_def : DEFINE NAME "(" NAME "," NAME "," NAME "," NAME ")" exp _
  10) exp : exp _ "+" exp
  11) exp : exp _ "-" exp
  12) exp : exp _ "*" exp
  13) exp : exp _ "/" exp
  14) exp : exp _ "%" exp
  15) exp : exp _ "&" exp
  16) exp : exp _ ">" exp
  17) exp : exp _ "<" exp
  18) exp : exp _ GREATEQ exp
  19) exp : exp _ LESSEQ exp
  20) exp : exp _ EQUA exp
  21) exp : exp _ NO_EQ exp
  22) exp : exp _ "|" exp
  23) exp : exp _ LOGIC_AND exp
  24) exp : exp _ LOGIC_OR exp
  25) exp : exp _ "?" exp ":" exp

  "*"           shift, and go to state 11
  "/"           shift, and go to state 12
  "%"           shift, and go to state 13
  "+"           shift, and go to state 9
  "-"           shift, and go to state 10
  "&"           shift, and go to state 14
  "|"           shift, and go to state 21
  "<"           shift, and go to state 16
  ">"           shift, and go to state 15
  GREATEQ       shift, and go to state 17
  LESSEQ        shift, and go to state 18
  EQUA          shift, and go to state 19
  LOGIC_AND     shift, and go to state 22
  LOGIC_OR      shift, and go to state 23
  NO_EQ         shift, and go to state 20
  "?"           shift, and go to state 24
  $default      reduce using rule 8 (macro_def)


state 79

   9) macro_def : DEFINE NAME "(" NAME "," NAME "," NAME "," NAME "," NAME _ ")" exp

  ")"           shift, and go to state 81


state 80

  33) exp : NAME "(" exp "," exp "," exp "," exp "," exp ")" _

  $default      reduce using rule 33 (exp)


state 81

   9) macro_def : DEFINE NAME "(" NAME "," NAME "," NAME "," NAME "," NAME ")" _ exp

  "("           shift, and go to state 5
  NAME          shift, and go to state 7
  NUMBER        shift, and go to state 6

  exp           go to state 82

state 82

   9) macro_def : DEFINE NAME "(" NAME "," NAME "," NAME "," NAME "," NAME ")" exp _
  10) exp : exp _ "+" exp
  11) exp : exp _ "-" exp
  12) exp : exp _ "*" exp
  13) exp : exp _ "/" exp
  14) exp : exp _ "%" exp
  15) exp : exp _ "&" exp
  16) exp : exp _ ">" exp
  17) exp : exp _ "<" exp
  18) exp : exp _ GREATEQ exp
  19) exp : exp _ LESSEQ exp
  20) exp : exp _ EQUA exp
  21) exp : exp _ NO_EQ exp
  22) exp : exp _ "|" exp
  23) exp : exp _ LOGIC_AND exp
  24) exp : exp _ LOGIC_OR exp
  25) exp : exp _ "?" exp ":" exp

  "*"           shift, and go to state 11
  "/"           shift, and go to state 12
  "%"           shift, and go to state 13
  "+"           shift, and go to state 9
  "-"           shift, and go to state 10
  "&"           shift, and go to state 14
  "|"           shift, and go to state 21
  "<"           shift, and go to state 16
  ">"           shift, and go to state 15
  GREATEQ       shift, and go to state 17
  LESSEQ        shift, and go to state 18
  EQUA          shift, and go to state 19
  LOGIC_AND     shift, and go to state 22
  LOGIC_OR      shift, and go to state 23
  NO_EQ         shift, and go to state 20
  "?"           shift, and go to state 24
  $default      reduce using rule 9 (macro_def)

